Using pre-set license
Built from '2020.3/staging' branch; Version is '2020.3.14f1 (d0d1bb862f9d) revision 13685179'; Using compiler version '192528614'; Build Type 'Release'
OS: 'Windows Server 2019 Standard; OS build 17763.2114; Version 1809; 64bit' Language: 'en' Physical Memory: 262142 MB
BatchMode: 1, IsHumanControllingUs: 0, StartBugReporterOnCrash: 0, Is64bit: 1, IsPro: 0

 COMMAND LINE ARGUMENTS:
C:\Program Files\Unity\Hub\Editor\2020.3.14f1\Editor\Unity.exe
-adb2
-batchMode
-noUpm
-name
AssetImportWorker0
-projectPath
C:/Users/victor.schmitt/Documents/GitHub/BerserkerReader/BerserkerReader
-logFile
Logs/AssetImportWorker0.log
-srvPort
52036
Successfully changed project path to: C:/Users/victor.schmitt/Documents/GitHub/BerserkerReader/BerserkerReader
C:/Users/victor.schmitt/Documents/GitHub/BerserkerReader/BerserkerReader
Using Asset Import Pipeline V2.
Refreshing native plugins compatible for Editor in 107.54 ms, found 3 plugins.
Preloading 0 native plugins for Editor in 0.00 ms.
Initialize engine version: 2020.3.14f1 (d0d1bb862f9d)
[Subsystems] Discovering subsystems at path C:/Program Files/Unity/Hub/Editor/2020.3.14f1/Editor/Data/Resources/UnitySubsystems
[Subsystems] Discovering subsystems at path C:/Users/victor.schmitt/Documents/GitHub/BerserkerReader/BerserkerReader/Assets
GfxDevice: creating device client; threaded=0
Direct3D:
    Version:  Direct3D 11.0 [level 11.1]
    Renderer: Microsoft Basic Render Driver (ID=0x8c)
    Vendor:   
    VRAM:     131071 MB
Initialize mono
Mono path[0] = 'C:/Program Files/Unity/Hub/Editor/2020.3.14f1/Editor/Data/Managed'
Mono path[1] = 'C:/Program Files/Unity/Hub/Editor/2020.3.14f1/Editor/Data/MonoBleedingEdge/lib/mono/unityjit'
Mono config path = 'C:/Program Files/Unity/Hub/Editor/2020.3.14f1/Editor/Data/MonoBleedingEdge/etc'
Using monoOptions --debugger-agent=transport=dt_socket,embedding=1,server=y,suspend=n,address=127.0.0.1:56724
Begin MonoManager ReloadAssembly
Registering precompiled unity dll's ...
Register platform support module: C:/Program Files/Unity/Hub/Editor/2020.3.14f1/Editor/Data/PlaybackEngines/WebGLSupport/UnityEditor.WebGL.Extensions.dll
Register platform support module: C:/Program Files/Unity/Hub/Editor/2020.3.14f1/Editor/Data/PlaybackEngines/WindowsStandaloneSupport/UnityEditor.WindowsStandalone.Extensions.dll
Registered in 0.003259 seconds.
Native extension for WindowsStandalone target not found
Native extension for WebGL target not found
Refreshing native plugins compatible for Editor in 58.33 ms, found 3 plugins.
Preloading 0 native plugins for Editor in 0.00 ms.
Mono: successfully reloaded assembly
- Completed reload, in  1.639 seconds
Domain Reload Profiling:
	ReloadAssembly (1640ms)
		BeginReloadAssembly (152ms)
			ExecutionOrderSort (0ms)
			DisableScriptedObjects (0ms)
			BackupInstance (0ms)
			ReleaseScriptingObjects (0ms)
			CreateAndSetChildDomain (1ms)
		EndReloadAssembly (618ms)
			LoadAssemblies (149ms)
			RebuildTransferFunctionScriptingTraits (0ms)
			SetupTypeCache (230ms)
			ReleaseScriptCaches (0ms)
			RebuildScriptCaches (52ms)
			SetupLoadedEditorAssemblies (231ms)
				LogAssemblyErrors (0ms)
				InitializePlatformSupportModulesInManaged (7ms)
				SetLoadedEditorAssemblies (0ms)
				RefreshPlugins (58ms)
				BeforeProcessingInitializeOnLoad (24ms)
				ProcessInitializeOnLoadAttributes (107ms)
				ProcessInitializeOnLoadMethodAttributes (35ms)
				AfterProcessingInitializeOnLoad (0ms)
				EditorAssembliesLoaded (0ms)
			ExecutionOrderSort2 (0ms)
			AwakeInstancesAfterBackupRestoration (0ms)
Platform modules already initialized, skipping
Registering precompiled user dll's ...
Registered in 0.005840 seconds.
Begin MonoManager ReloadAssembly
Native extension for WindowsStandalone target not found
Native extension for WebGL target not found
Refreshing native plugins compatible for Editor in 68.58 ms, found 3 plugins.
Preloading 0 native plugins for Editor in 0.00 ms.
Mono: successfully reloaded assembly
- Completed reload, in  1.665 seconds
Domain Reload Profiling:
	ReloadAssembly (1666ms)
		BeginReloadAssembly (203ms)
			ExecutionOrderSort (0ms)
			DisableScriptedObjects (6ms)
			BackupInstance (0ms)
			ReleaseScriptingObjects (0ms)
			CreateAndSetChildDomain (29ms)
		EndReloadAssembly (1383ms)
			LoadAssemblies (124ms)
			RebuildTransferFunctionScriptingTraits (0ms)
			SetupTypeCache (429ms)
			ReleaseScriptCaches (1ms)
			RebuildScriptCaches (64ms)
			SetupLoadedEditorAssemblies (576ms)
				LogAssemblyErrors (0ms)
				InitializePlatformSupportModulesInManaged (7ms)
				SetLoadedEditorAssemblies (0ms)
				RefreshPlugins (69ms)
				BeforeProcessingInitializeOnLoad (124ms)
				ProcessInitializeOnLoadAttributes (347ms)
				ProcessInitializeOnLoadMethodAttributes (20ms)
				AfterProcessingInitializeOnLoad (7ms)
				EditorAssembliesLoaded (0ms)
			ExecutionOrderSort2 (0ms)
			AwakeInstancesAfterBackupRestoration (8ms)
Platform modules already initialized, skipping
========================================================================
Worker process is ready to serve import requests
Launched and connected shader compiler UnityShaderCompiler.exe after 0.06 seconds
Refreshing native plugins compatible for Editor in 0.71 ms, found 3 plugins.
Preloading 0 native plugins for Editor in 0.00 ms.
Unloading 2086 Unused Serialized files (Serialized files now loaded: 0)
System memory in use before: 93.3 MB.
System memory in use after: 93.3 MB.

Unloading 33 unused Assets to reduce memory usage. Loaded Objects now: 2520.
Total: 4.428700 ms (FindLiveObjects: 0.478100 ms CreateObjectMapping: 0.128400 ms MarkObjects: 3.605500 ms  DeleteObjects: 0.214000 ms)

AssetImportParameters requested are different than current active one (requested -> active):
  custom:framework-win-MediaFoundation: 216162199b28c13a410421893ffa2e32 -> 
  custom:video-decoder-ogg-theora: a1e56fd34408186e4bbccfd4996cb3dc -> 
  custom:container-muxer-webm: aa71ff27fc2769a1b78a27578f13a17b -> 
  custom:container-demuxer-webm: 4f35f7cbe854078d1ac9338744f61a02 -> 
  custom:container-demuxer-ogg: 62fdf1f143b41e24485cea50d1cbac27 -> 
  custom:video-encoder-webm-vp8: eb34c28f22e8b96e1ab97ce403110664 -> 
  custom:video-decoder-webm-vp8: 9c59270c3fd7afecdb556c50c9e8de78 -> 
  custom:audio-decoder-ogg-vorbis: bf7c407c2cedff20999df2af8eb42d56 -> 
  custom:audio-encoder-webm-vorbis: bf7c407c2cedff20999df2af8eb42d56 -> 
========================================================================
Received Import Request.
  path: Assets/Sprites/Player
  artifactKey: Guid(6ac058d7d2be37544975053a01d23e2b) Importer(815301076,1909f56bfc062723c751e8b465ee728b)
Start importing Assets/Sprites/Player using Guid(6ac058d7d2be37544975053a01d23e2b) Importer(815301076,1909f56bfc062723c751e8b465ee728b)  -> (artifact id: 'faeafb5f134953a497c0fc908004551f') in 0.014191 seconds 
  Import took 0.019372 seconds .

========================================================================
Received Import Request.
  Time since last request: 657.784470 seconds.
  path: Assets/Sprites/Player/BackGround.png
  artifactKey: Guid(9b50d390dcb41e442ac5d57c4e6d5848) Importer(815301076,1909f56bfc062723c751e8b465ee728b)
Start importing Assets/Sprites/Player/BackGround.png using Guid(9b50d390dcb41e442ac5d57c4e6d5848) Importer(815301076,1909f56bfc062723c751e8b465ee728b)  -> (artifact id: '64517155bb267b575ca316d2767dd0c7') in 0.191829 seconds 
  Import took 0.198977 seconds .

========================================================================
Received Import Request.
  Time since last request: 0.000534 seconds.
  path: Assets/Sprites/Player/pupil.png
  artifactKey: Guid(0a497634608a60048bc5eb7bd9657901) Importer(815301076,1909f56bfc062723c751e8b465ee728b)
Start importing Assets/Sprites/Player/pupil.png using Guid(0a497634608a60048bc5eb7bd9657901) Importer(815301076,1909f56bfc062723c751e8b465ee728b)  -> (artifact id: 'd795531cca535ffaaead8470584b8748') in 0.030766 seconds 
  Import took 0.037567 seconds .

========================================================================
Received Import Request.
  Time since last request: 0.000453 seconds.
  path: Assets/Sprites/Player/Book.png
  artifactKey: Guid(7317e664afd583b458b89e22e76cf9dc) Importer(815301076,1909f56bfc062723c751e8b465ee728b)
Start importing Assets/Sprites/Player/Book.png using Guid(7317e664afd583b458b89e22e76cf9dc) Importer(815301076,1909f56bfc062723c751e8b465ee728b)  -> (artifact id: 'f5215194fe2dbedc19117b5b0e89027b') in 0.031144 seconds 
  Import took 0.038953 seconds .

========================================================================
Received Import Request.
  Time since last request: 0.000713 seconds.
  path: Assets/Sprites/Player/Hand.png
  artifactKey: Guid(21d14a47c80b9c040a24e3d5e8e58420) Importer(815301076,1909f56bfc062723c751e8b465ee728b)
Start importing Assets/Sprites/Player/Hand.png using Guid(21d14a47c80b9c040a24e3d5e8e58420) Importer(815301076,1909f56bfc062723c751e8b465ee728b)  -> (artifact id: '3eb1c224c6a5f29e68d6add266154902') in 0.023074 seconds 
  Import took 0.027941 seconds .

========================================================================
Received Import Request.
  Time since last request: 0.000415 seconds.
  path: Assets/Sprites/Player/Eye.png
  artifactKey: Guid(3258c57b967795b468765212b4d990b1) Importer(815301076,1909f56bfc062723c751e8b465ee728b)
Start importing Assets/Sprites/Player/Eye.png using Guid(3258c57b967795b468765212b4d990b1) Importer(815301076,1909f56bfc062723c751e8b465ee728b)  -> (artifact id: '86be1e141c5876784e10579164f000ae') in 0.106461 seconds 
  Import took 0.112603 seconds .

========================================================================
Received Import Request.
  Time since last request: 9.771098 seconds.
  path: Assets/Sprites/Player/BackGround.png
  artifactKey: Guid(9b50d390dcb41e442ac5d57c4e6d5848) Importer(815301076,1909f56bfc062723c751e8b465ee728b)
Start importing Assets/Sprites/Player/BackGround.png using Guid(9b50d390dcb41e442ac5d57c4e6d5848) Importer(815301076,1909f56bfc062723c751e8b465ee728b)  -> (artifact id: '71d646c7be4629b48609f912c7549944') in 0.083892 seconds 
  Import took 0.090658 seconds .

========================================================================
Received Import Request.
  Time since last request: 5.158864 seconds.
  path: Assets/Sprites/Player/Book.png
  artifactKey: Guid(7317e664afd583b458b89e22e76cf9dc) Importer(815301076,1909f56bfc062723c751e8b465ee728b)
Start importing Assets/Sprites/Player/Book.png using Guid(7317e664afd583b458b89e22e76cf9dc) Importer(815301076,1909f56bfc062723c751e8b465ee728b)  -> (artifact id: 'ead56417fd0ecbe98b87be1478b24c9d') in 0.062550 seconds 
  Import took 0.067257 seconds .

========================================================================
Received Import Request.
  Time since last request: 9.418399 seconds.
  path: Assets/Sprites/Player/Eye.png
  artifactKey: Guid(3258c57b967795b468765212b4d990b1) Importer(815301076,1909f56bfc062723c751e8b465ee728b)
Start importing Assets/Sprites/Player/Eye.png using Guid(3258c57b967795b468765212b4d990b1) Importer(815301076,1909f56bfc062723c751e8b465ee728b)  -> (artifact id: 'ae8e0573ad02142eadde628e740299e2') in 0.052101 seconds 
  Import took 0.056826 seconds .

========================================================================
Received Import Request.
  Time since last request: 16.709924 seconds.
  path: Assets/Sprites/Player/Eye.png
  artifactKey: Guid(3258c57b967795b468765212b4d990b1) Importer(815301076,1909f56bfc062723c751e8b465ee728b)
Start importing Assets/Sprites/Player/Eye.png using Guid(3258c57b967795b468765212b4d990b1) Importer(815301076,1909f56bfc062723c751e8b465ee728b)  -> (artifact id: '9f1ee3c220f9bb6c2c47ebdb09190a92') in 0.041606 seconds 
  Import took 0.046703 seconds .

========================================================================
Received Import Request.
  Time since last request: 12.005944 seconds.
  path: Assets/Sprites/Player/Hand.png
  artifactKey: Guid(21d14a47c80b9c040a24e3d5e8e58420) Importer(815301076,1909f56bfc062723c751e8b465ee728b)
Start importing Assets/Sprites/Player/Hand.png using Guid(21d14a47c80b9c040a24e3d5e8e58420) Importer(815301076,1909f56bfc062723c751e8b465ee728b)  -> (artifact id: 'c6f4af2b61e62d928d38ccc2478fa488') in 0.059018 seconds 
  Import took 0.068570 seconds .

========================================================================
Received Import Request.
  Time since last request: 12.159125 seconds.
  path: Assets/Sprites/Player/pupil.png
  artifactKey: Guid(0a497634608a60048bc5eb7bd9657901) Importer(815301076,1909f56bfc062723c751e8b465ee728b)
Start importing Assets/Sprites/Player/pupil.png using Guid(0a497634608a60048bc5eb7bd9657901) Importer(815301076,1909f56bfc062723c751e8b465ee728b)  -> (artifact id: 'b8396c895d7bb19b2a12525baae8fc8d') in 0.074438 seconds 
  Import took 0.079739 seconds .

AssetImportWorkerClient::OnTransportError - code=2 error=End of file
